D:\GITPROJECT\GLOVES\GLOVES\MFC_COM\DEBUG\MFC_COM.EXE
D:\GITPROJECT\GLOVES\GLOVES\MFC_COM\DEBUG\MFC_COM.ILK
D:\GITPROJECT\GLOVES\GLOVES\MFC_COM\DEBUG\MFC_COM.PDB
D:\GitProject\GloveS\GloveS\mfc_com\mfc_com\Debug\cl.command.1.tlog
D:\GitProject\GloveS\GloveS\mfc_com\mfc_com\Debug\CL.read.1.tlog
D:\GitProject\GloveS\GloveS\mfc_com\mfc_com\Debug\CL.write.1.tlog
D:\GITPROJECT\GLOVES\GLOVES\MFC_COM\MFC_COM\DEBUG\CLASSVIEW.OBJ
D:\GITPROJECT\GLOVES\GLOVES\MFC_COM\MFC_COM\DEBUG\COMMTEST.OBJ
D:\GITPROJECT\GLOVES\GLOVES\MFC_COM\MFC_COM\DEBUG\CVVIMAGE.OBJ
D:\GITPROJECT\GLOVES\GLOVES\MFC_COM\MFC_COM\DEBUG\FILEVIEW.OBJ
D:\GitProject\GloveS\GloveS\mfc_com\mfc_com\Debug\link.command.1.tlog
D:\GitProject\GloveS\GloveS\mfc_com\mfc_com\Debug\link.read.1.tlog
D:\GitProject\GloveS\GloveS\mfc_com\mfc_com\Debug\link.write.1.tlog
D:\GitProject\GloveS\GloveS\mfc_com\mfc_com\Debug\link-cvtres.read.1.tlog
D:\GitProject\GloveS\GloveS\mfc_com\mfc_com\Debug\link-cvtres.write.1.tlog
D:\GITPROJECT\GLOVES\GLOVES\MFC_COM\MFC_COM\DEBUG\MAINFRM.OBJ
D:\GITPROJECT\GLOVES\GLOVES\MFC_COM\MFC_COM\DEBUG\MFC_COM.EXE.EMBED.MANIFEST
D:\GITPROJECT\GLOVES\GLOVES\MFC_COM\MFC_COM\DEBUG\MFC_COM.EXE.EMBED.MANIFEST.RES
D:\GITPROJECT\GLOVES\GLOVES\MFC_COM\MFC_COM\DEBUG\MFC_COM.EXE.INTERMEDIATE.MANIFEST
D:\GITPROJECT\GLOVES\GLOVES\MFC_COM\MFC_COM\DEBUG\MFC_COM.OBJ
D:\GITPROJECT\GLOVES\GLOVES\MFC_COM\MFC_COM\DEBUG\MFC_COM.PCH
D:\GITPROJECT\GLOVES\GLOVES\MFC_COM\MFC_COM\DEBUG\MFC_COM.RES
D:\GitProject\GloveS\GloveS\mfc_com\mfc_com\Debug\mfc_com.write.1.tlog
D:\GitProject\GloveS\GloveS\mfc_com\mfc_com\Debug\mfc_com_manifest.rc
D:\GITPROJECT\GLOVES\GLOVES\MFC_COM\MFC_COM\DEBUG\MFC_COMDOC.OBJ
D:\GITPROJECT\GLOVES\GLOVES\MFC_COM\MFC_COM\DEBUG\MFC_COMVIEW.OBJ
D:\GITPROJECT\GLOVES\GLOVES\MFC_COM\MFC_COM\DEBUG\MSCOMM1.OBJ
D:\GitProject\GloveS\GloveS\mfc_com\mfc_com\Debug\mt.command.1.tlog
D:\GitProject\GloveS\GloveS\mfc_com\mfc_com\Debug\mt.read.1.tlog
D:\GitProject\GloveS\GloveS\mfc_com\mfc_com\Debug\mt.write.1.tlog
D:\GITPROJECT\GLOVES\GLOVES\MFC_COM\MFC_COM\DEBUG\OPENGL.OBJ
D:\GITPROJECT\GLOVES\GLOVES\MFC_COM\MFC_COM\DEBUG\OUTPUTWND.OBJ
D:\GITPROJECT\GLOVES\GLOVES\MFC_COM\MFC_COM\DEBUG\PROPERTIESWND.OBJ
D:\GitProject\GloveS\GloveS\mfc_com\mfc_com\Debug\rc.command.1.tlog
D:\GitProject\GloveS\GloveS\mfc_com\mfc_com\Debug\rc.read.1.tlog
D:\GitProject\GloveS\GloveS\mfc_com\mfc_com\Debug\rc.write.1.tlog
D:\GITPROJECT\GLOVES\GLOVES\MFC_COM\MFC_COM\DEBUG\STDAFX.OBJ
D:\GitProject\GloveS\GloveS\mfc_com\mfc_com\Debug\vc100.idb
D:\GITPROJECT\GLOVES\GLOVES\MFC_COM\MFC_COM\DEBUG\VC100.PDB
D:\GITPROJECT\GLOVES\GLOVES\MFC_COM\MFC_COM\DEBUG\VIEWTREE.OBJ
